<?xml version="1.0" encoding="UTF-8"?>
<testng-results ignored="0" total="1" passed="1" failed="0" skipped="0">
  <reporter-output>
  </reporter-output>
  <suite started-at="2022-02-02T11:23:19Z" name="Default suite" finished-at="2022-02-02T11:23:26Z" duration-ms="6346">
    <groups>
    </groups>
    <test started-at="2022-02-02T11:23:19Z" name="Default test" finished-at="2022-02-02T11:23:26Z" duration-ms="6346">
      <class name="practiceRun.OpenBrowserTest">
        <test-method signature="practiceMethod()[pri:0, instance:practiceRun.OpenBrowserTest@4416d64f]" started-at="2022-02-02T11:23:19Z" name="practiceMethod" finished-at="2022-02-02T11:23:26Z" duration-ms="6321" status="PASS">
          <reporter-output>
          </reporter-output>
        </test-method> <!-- practiceMethod -->
      </class> <!-- practiceRun.OpenBrowserTest -->
    </test> <!-- Default test -->
  </suite> <!-- Default suite -->
</testng-results>
